<?xml version="1.0" encoding="UTF-8"?>
<!-- Generated by org.testng.reporters.JUnitReportReporter -->
<testsuite hostname="cai-PC" name="storm.starter.bolt.IntermediateRankingsBoltTest" tests="22" failures="0" timestamp="7 Sep 2014 03:07:35 GMT" time="0.267" errors="0">
  <testcase name="shouldSetTickTupleFrequencyInComponentConfigurationToNonZeroValue" time="0.009" classname="storm.starter.bolt.IntermediateRankingsBoltTest"/>
  <testcase name="negativeOrZeroTopNShouldThrowIAE" time="0.000" classname="storm.starter.bolt.IntermediateRankingsBoltTest"/>
  <testcase name="negativeOrZeroEmitFrequencyShouldThrowIAE" time="0.000" classname="storm.starter.bolt.IntermediateRankingsBoltTest"/>
  <testcase name="negativeOrZeroEmitFrequencyShouldThrowIAE" time="0.131" classname="storm.starter.bolt.IntermediateRankingsBoltTest"/>
  <testcase name="negativeOrZeroTopNShouldThrowIAE" time="0.000" classname="storm.starter.bolt.IntermediateRankingsBoltTest"/>
  <testcase name="negativeOrZeroTopNShouldThrowIAE" time="0.000" classname="storm.starter.bolt.IntermediateRankingsBoltTest"/>
  <testcase name="negativeOrZeroEmitFrequencyShouldThrowIAE" time="0.000" classname="storm.starter.bolt.IntermediateRankingsBoltTest"/>
  <testcase name="positiveTopNShouldBeOk" time="0.000" classname="storm.starter.bolt.IntermediateRankingsBoltTest"/>
  <testcase name="negativeOrZeroEmitFrequencyShouldThrowIAE" time="0.000" classname="storm.starter.bolt.IntermediateRankingsBoltTest"/>
  <testcase name="positiveEmitFrequencyShouldBeOk" time="0.004" classname="storm.starter.bolt.IntermediateRankingsBoltTest"/>
  <testcase name="negativeOrZeroEmitFrequencyShouldThrowIAE" time="0.000" classname="storm.starter.bolt.IntermediateRankingsBoltTest"/>
  <testcase name="negativeOrZeroTopNShouldThrowIAE" time="0.000" classname="storm.starter.bolt.IntermediateRankingsBoltTest"/>
  <testcase name="positiveEmitFrequencyShouldBeOk" time="0.002" classname="storm.starter.bolt.IntermediateRankingsBoltTest"/>
  <testcase name="positiveTopNShouldBeOk" time="0.000" classname="storm.starter.bolt.IntermediateRankingsBoltTest"/>
  <testcase name="shouldEmitNothingIfNormalTupleIsReceived" time="0.021" classname="storm.starter.bolt.IntermediateRankingsBoltTest"/>
  <testcase name="shouldEmitSomethingIfTickTupleIsReceived" time="0.005" classname="storm.starter.bolt.IntermediateRankingsBoltTest"/>
  <testcase name="positiveTopNShouldBeOk" time="0.000" classname="storm.starter.bolt.IntermediateRankingsBoltTest"/>
  <testcase name="positiveEmitFrequencyShouldBeOk" time="0.000" classname="storm.starter.bolt.IntermediateRankingsBoltTest"/>
  <testcase name="positiveTopNShouldBeOk" time="0.000" classname="storm.starter.bolt.IntermediateRankingsBoltTest"/>
  <testcase name="negativeOrZeroTopNShouldThrowIAE" time="0.000" classname="storm.starter.bolt.IntermediateRankingsBoltTest"/>
  <testcase name="shouldDeclareOutputFields" time="0.095" classname="storm.starter.bolt.IntermediateRankingsBoltTest"/>
  <testcase name="positiveEmitFrequencyShouldBeOk" time="0.000" classname="storm.starter.bolt.IntermediateRankingsBoltTest"/>
</testsuite> <!-- storm.starter.bolt.IntermediateRankingsBoltTest -->
