<?xml version="1.0" encoding="UTF-8"?>
<!-- Generated by org.testng.reporters.JUnitReportReporter -->
<testsuite hostname="cai-PC" name="storm.starter.bolt.IntermediateRankingsBoltTest" tests="22" failures="0" timestamp="20 Sep 2014 08:26:17 GMT" time="0.270" errors="0">
  <testcase name="shouldDeclareOutputFields" time="0.094" classname="storm.starter.bolt.IntermediateRankingsBoltTest"/>
  <testcase name="positiveEmitFrequencyShouldBeOk" time="0.000" classname="storm.starter.bolt.IntermediateRankingsBoltTest"/>
  <testcase name="positiveTopNShouldBeOk" time="0.000" classname="storm.starter.bolt.IntermediateRankingsBoltTest"/>
  <testcase name="negativeOrZeroEmitFrequencyShouldThrowIAE" time="0.000" classname="storm.starter.bolt.IntermediateRankingsBoltTest"/>
  <testcase name="positiveEmitFrequencyShouldBeOk" time="0.003" classname="storm.starter.bolt.IntermediateRankingsBoltTest"/>
  <testcase name="negativeOrZeroEmitFrequencyShouldThrowIAE" time="0.000" classname="storm.starter.bolt.IntermediateRankingsBoltTest"/>
  <testcase name="positiveTopNShouldBeOk" time="0.000" classname="storm.starter.bolt.IntermediateRankingsBoltTest"/>
  <testcase name="shouldEmitNothingIfNormalTupleIsReceived" time="0.023" classname="storm.starter.bolt.IntermediateRankingsBoltTest"/>
  <testcase name="shouldSetTickTupleFrequencyInComponentConfigurationToNonZeroValue" time="0.010" classname="storm.starter.bolt.IntermediateRankingsBoltTest"/>
  <testcase name="positiveEmitFrequencyShouldBeOk" time="0.000" classname="storm.starter.bolt.IntermediateRankingsBoltTest"/>
  <testcase name="shouldEmitSomethingIfTickTupleIsReceived" time="0.005" classname="storm.starter.bolt.IntermediateRankingsBoltTest"/>
  <testcase name="positiveEmitFrequencyShouldBeOk" time="0.000" classname="storm.starter.bolt.IntermediateRankingsBoltTest"/>
  <testcase name="positiveTopNShouldBeOk" time="0.000" classname="storm.starter.bolt.IntermediateRankingsBoltTest"/>
  <testcase name="positiveTopNShouldBeOk" time="0.000" classname="storm.starter.bolt.IntermediateRankingsBoltTest"/>
  <testcase name="negativeOrZeroTopNShouldThrowIAE" time="0.000" classname="storm.starter.bolt.IntermediateRankingsBoltTest"/>
  <testcase name="negativeOrZeroTopNShouldThrowIAE" time="0.000" classname="storm.starter.bolt.IntermediateRankingsBoltTest"/>
  <testcase name="negativeOrZeroEmitFrequencyShouldThrowIAE" time="0.000" classname="storm.starter.bolt.IntermediateRankingsBoltTest"/>
  <testcase name="negativeOrZeroEmitFrequencyShouldThrowIAE" time="0.135" classname="storm.starter.bolt.IntermediateRankingsBoltTest"/>
  <testcase name="negativeOrZeroEmitFrequencyShouldThrowIAE" time="0.000" classname="storm.starter.bolt.IntermediateRankingsBoltTest"/>
  <testcase name="negativeOrZeroTopNShouldThrowIAE" time="0.000" classname="storm.starter.bolt.IntermediateRankingsBoltTest"/>
  <testcase name="negativeOrZeroTopNShouldThrowIAE" time="0.000" classname="storm.starter.bolt.IntermediateRankingsBoltTest"/>
  <testcase name="negativeOrZeroTopNShouldThrowIAE" time="0.000" classname="storm.starter.bolt.IntermediateRankingsBoltTest"/>
</testsuite> <!-- storm.starter.bolt.IntermediateRankingsBoltTest -->
